2025-05-07 21:26:23,657 - 2025-05-07 21:26:23 - tankahdelphia skipped: command not found for !random (account created: 2018-03-13)
2025-05-07 21:26:26,460 - 2025-05-07 21:26:26 - legendcrypt skipped: command not found for !random (account created: 2018-12-06)
2025-05-07 21:26:38,525 - 2025-05-07 21:26:38 - iamdar skipped: invalid characters in command for !! (account created: 2013-11-17)
2025-05-07 21:29:48,864 - 2025-05-07 21:29:48 - legendcrypt skipped: command not found for !b2y (account created: 2018-12-06)
2025-05-07 21:29:53,130 - 2025-05-07 21:29:53 - uppercumberlandgamers skipped: command not found for !al (account created: 2013-12-26)
2025-05-07 21:29:54,384 - 2025-05-07 21:29:54 - uppercumberlandgamers skipped: command not found for !la (account created: 2013-12-26)
2025-05-07 21:30:02,243 - 2025-05-07 21:30:02 - tankahdelphia skipped: command not found for !crap (account created: 2018-03-13)
2025-05-07 21:30:13,427 - 2025-05-07 21:30:13 - uppercumberlandgamers skipped: command not found for !meme (account created: 2013-12-26)
2025-05-07 21:30:22,926 - 2025-05-07 21:30:22 - uppercumberlandgamers skipped: command not found for !atl (account created: 2013-12-26)
2025-05-07 21:30:30,312 - 2025-05-07 21:30:30 - legendcrypt skipped: command not found for !deletesystem32 (account created: 2018-12-06)
2025-05-07 21:31:10,928 - 2025-05-07 21:31:10 - uppercumberlandgamers skipped: command not found for !sudo (account created: 2013-12-26)
2025-05-07 21:31:19,355 - 2025-05-07 21:31:19 - legendcrypt skipped: invalid characters in command for !fal<3 (account created: 2018-12-06)
⛔ 2025-05-07 21:53:19 - iamdar skipped: command not found for !random (account created: 2013-11-17)
⛔ 2025-05-07 21:54:04 - iamdar skipped: command not found for !random (account created: 2013-11-17)
⛔ 2025-05-07 21:54:37 - legendcrypt skipped: command not found for !meme47 (account created: 2018-12-06)
⛔ 2025-05-07 23:18:36 - legendcrypt skipped: command not found for !random (account created: 2018-12-06)
⛔ 2025-05-08 02:09:36 - iamdar skipped: invalid characters in command for !! (account created: 2013-11-17)
⛔ 2025-05-08 02:10:37 - iamdar skipped: invalid characters in command for !$2 (account created: 2013-11-17)
⛔ 2025-05-08 02:10:37 - iamdar skipped: command not found for !42 (account created: 2013-11-17)
⛔ 2025-05-08 02:10:37 - iamdar skipped: invalid characters in command for !$2 (account created: 2013-11-17)
⛔ 2025-05-08 02:14:32 - iamdar skipped: invalid characters in command for !! (account created: 2013-11-17)
⛔ 2025-05-08 02:14:42 - iamdar skipped: invalid characters in command for !! (account created: 2013-11-17)
⛔ 2025-05-08 12:45:13 - iamdar skipped: command not found for !profvision (account created: 2013-11-17)
⛔ 2025-05-08 12:45:21 - iamdar skipped: command not found for !truevision (account created: 2013-11-17)
⛔ 2025-05-08 12:45:35 - iamdar skipped: command not found for !truevision (account created: 2013-11-17)
⛔ 2025-05-08 12:45:50 - iamdar skipped: command not found for !truevision (account created: 2013-11-17)
⛔ 2025-05-08 12:45:53 - iamdar skipped: command not found for !truevision (account created: 2013-11-17)
⛔ 2025-05-08 22:06:55 - uppercumberlandgamers skipped: command not found for !2shots (account created: 2013-12-26)
⛔ 2025-05-08 22:07:18 - fal_the_warlock skipped: command not found for !meangene (account created: 2015-11-07)
⛔ 2025-05-08 22:07:35 - iamdar skipped: command not found for !gotat (account created: 2013-11-17)
⛔ 2025-05-08 22:08:03 - fal_the_warlock skipped: command not found for !meangene (account created: 2015-11-07)
⛔ 2025-05-08 22:09:26 - uppercumberlandgamers skipped: command not found for !meth (account created: 2013-12-26)
⛔ 2025-05-08 22:11:01 - colonel_dinggus skipped: command not found for !quote (account created: 2016-02-21)
⛔ 2025-05-08 22:11:31 - nate048 skipped: command not found for !upandin (account created: 2015-11-05)
⛔ 2025-05-08 22:11:40 - iamdar skipped: command not found for !random (account created: 2013-11-17)
⛔ 2025-05-08 22:11:44 - iamdar skipped: command not found for !random (account created: 2013-11-17)
⛔ 2025-05-08 22:11:46 - iamdar skipped: command not found for !random (account created: 2013-11-17)
⛔ 2025-05-08 22:13:48 - terminallynormal skipped: command not found for !quote (account created: 2015-06-04)
⛔ 2025-05-08 22:14:53 - iamdar skipped: command not found for !sr (account created: 2013-11-17)
⛔ 2025-05-08 22:15:18 - fal_the_warlock skipped: command not found for !Meangene (account created: 2015-11-07)
⛔ 2025-05-08 22:17:32 - fal_the_warlock skipped: command not found for !SR (account created: 2015-11-07)
⛔ 2025-05-08 22:18:42 - iamdar skipped: command not found for !sr (account created: 2013-11-17)
⛔ 2025-05-08 22:18:48 - iamdar skipped: command not found for !wrongsong (account created: 2013-11-17)
⛔ 2025-05-08 22:19:33 - fal_the_warlock skipped: command not found for !SR (account created: 2015-11-07)
⛔ 2025-05-08 22:20:37 - fal_the_warlock skipped: command not found for !SR (account created: 2015-11-07)
⛔ 2025-05-08 22:21:21 - fal_the_warlock skipped: command not found for !SR (account created: 2015-11-07)
⛔ 2025-05-08 22:23:06 - colonel_dinggus skipped: command not found for !song (account created: 2016-02-21)
⛔ 2025-05-08 22:23:58 - colonel_dinggus skipped: command not found for !sr (account created: 2016-02-21)
⛔ 2025-05-08 22:24:59 - colonel_dinggus skipped: command not found for !meme56 (account created: 2016-02-21)
⛔ 2025-05-08 22:25:05 - colonel_dinggus skipped: invalid characters in command for !dar<32 (account created: 2016-02-21)
⛔ 2025-05-08 22:25:28 - fal_the_warlock skipped: command not found for !myjam (account created: 2015-11-07)
⛔ 2025-05-08 22:25:45 - colonel_dinggus skipped: command not found for !rigged (account created: 2016-02-21)
⛔ 2025-05-08 22:25:55 - terminallynormal skipped: command not found for !sr (account created: 2015-06-04)
⛔ 2025-05-08 22:26:54 - uppercumberlandgamers skipped: command not found for !atf (account created: 2013-12-26)
⛔ 2025-05-08 22:27:04 - fal_the_warlock skipped: command not found for !Spaceballs (account created: 2015-11-07)
⛔ 2025-05-08 22:28:23 - colonel_dinggus skipped: command not found for !coms (account created: 2016-02-21)
⛔ 2025-05-08 22:28:23 - fal_the_warlock skipped: command not found for !SR (account created: 2015-11-07)
⛔ 2025-05-08 22:28:31 - uppercumberlandgamers skipped: command not found for !sr (account created: 2013-12-26)
⛔ 2025-05-08 22:28:35 - colonel_dinggus skipped: command not found for !coms (account created: 2016-02-21)
⛔ 2025-05-08 22:28:37 - uppercumberlandgamers skipped: command not found for !wrongsong (account created: 2013-12-26)
⛔ 2025-05-08 22:28:48 - uppercumberlandgamers skipped: command not found for !sr (account created: 2013-12-26)
⛔ 2025-05-08 22:28:54 - colonel_dinggus skipped: command not found for !sr (account created: 2016-02-21)
⛔ 2025-05-08 22:29:50 - colonel_dinggus skipped: command not found for !sr (account created: 2016-02-21)
⛔ 2025-05-08 22:30:01 - colonel_dinggus skipped: command not found for !sr (account created: 2016-02-21)
⛔ 2025-05-08 22:31:30 - fal_the_warlock skipped: command not found for !SR (account created: 2015-11-07)
⛔ 2025-05-08 22:35:28 - uppercumberlandgamers skipped: command not found for !sr (account created: 2013-12-26)
⛔ 2025-05-08 22:35:48 - uppercumberlandgamers skipped: command not found for !sr (account created: 2013-12-26)
⛔ 2025-05-08 22:36:08 - uppercumberlandgamers skipped: command not found for !sr (account created: 2013-12-26)
⛔ 2025-05-08 22:36:32 - uppercumberlandgamers skipped: command not found for !sr (account created: 2013-12-26)
⛔ 2025-05-08 22:36:58 - uppercumberlandgamers skipped: command not found for !sr (account created: 2013-12-26)
⛔ 2025-05-08 22:37:30 - uppercumberlandgamers skipped: command not found for !sr (account created: 2013-12-26)
⛔ 2025-05-08 22:38:06 - uppercumberlandgamers skipped: command not found for !sr (account created: 2013-12-26)
⛔ 2025-05-08 22:38:20 - colonel_dinggus skipped: command not found for !sr (account created: 2016-02-21)
⛔ 2025-05-08 22:38:37 - uppercumberlandgamers skipped: command not found for !sr (account created: 2013-12-26)
⛔ 2025-05-08 22:38:54 - colonel_dinggus skipped: command not found for !sr (account created: 2016-02-21)
⛔ 2025-05-08 22:38:54 - uppercumberlandgamers skipped: command not found for !sr (account created: 2013-12-26)
⛔ 2025-05-08 22:39:12 - colonel_dinggus skipped: command not found for !coms (account created: 2016-02-21)
⛔ 2025-05-08 22:39:26 - uppercumberlandgamers skipped: command not found for !sr (account created: 2013-12-26)
⛔ 2025-05-08 22:39:51 - uppercumberlandgamers skipped: command not found for !sr (account created: 2013-12-26)
⛔ 2025-05-08 22:40:13 - colonel_dinggus skipped: command not found for !sr (account created: 2016-02-21)
⛔ 2025-05-08 22:41:54 - uppercumberlandgamers skipped: command not found for !bert (account created: 2013-12-26)
⛔ 2025-05-08 22:47:20 - iamdar skipped: command not found for !meme56 (account created: 2013-11-17)
⛔ 2025-05-08 22:47:56 - iamdar skipped: command not found for !meme56 (account created: 2013-11-17)
⛔ 2025-05-08 22:58:59 - colonel_dinggus skipped: command not found for !sr (account created: 2016-02-21)
⛔ 2025-05-08 23:02:20 - colonel_dinggus skipped: command not found for !sr (account created: 2016-02-21)
⛔ 2025-05-08 23:05:22 - tankahdelphia skipped: command not found for !sr (account created: 2018-03-13)
⛔ 2025-05-08 23:21:03 - terminallynormal skipped: command not found for !game (account created: 2015-06-04)
⛔ 2025-05-08 23:22:25 - tankahdelphia skipped: command not found for !sr (account created: 2018-03-13)
⛔ 2025-05-08 23:24:14 - slummyzeru_ skipped: command not found for !gozilla (account created: 2015-04-22)
⛔ 2025-05-08 23:24:40 - snipah2012 skipped: command not found for !bert (account created: 2017-10-23)
⛔ 2025-05-08 23:24:43 - colonel_dinggus skipped: command not found for !quote (account created: 2016-02-21)
⛔ 2025-05-08 23:24:43 - snipah2012 skipped: command not found for !tiger (account created: 2017-10-23)
⛔ 2025-05-08 23:25:06 - colonel_dinggus skipped: command not found for !meme56 (account created: 2016-02-21)
⛔ 2025-05-08 23:25:26 - tankahdelphia skipped: command not found for !quote (account created: 2018-03-13)
⛔ 2025-05-08 23:25:38 - terminallynormal skipped: command not found for !quote (account created: 2015-06-04)
⛔ 2025-05-08 23:27:23 - colonel_dinggus skipped: command not found for !tubefsrt (account created: 2016-02-21)
⛔ 2025-05-08 23:27:27 - colonel_dinggus skipped: command not found for !tunefart (account created: 2016-02-21)
⛔ 2025-05-08 23:35:30 - sirhyrule skipped: command not found for !pokecatch (account created: 2016-06-14)
⛔ 2025-05-08 23:38:57 - livesuieng skipped: command not found for !so (account created: 2017-11-12)
⛔ 2025-05-08 23:39:21 - livesuieng skipped: command not found for !Sr (account created: 2017-11-12)
⛔ 2025-05-08 23:44:52 - livesuieng skipped: command not found for !heist (account created: 2017-11-12)
⛔ 2025-05-08 23:48:19 - tankahdelphia skipped: command not found for !quote (account created: 2018-03-13)
⛔ 2025-05-08 23:49:40 - colonel_dinggus skipped: invalid characters in command for !karnave<3 (account created: 2016-02-21)
⛔ 2025-05-08 23:50:10 - sirhyrule skipped: command not found for !pokecatch (account created: 2016-06-14)
⛔ 2025-05-08 23:53:35 - karnave skipped: command not found for !uwow (account created: 2016-03-29)
⛔ 2025-05-09 00:00:01 - livesuieng skipped: command not found for !Sr (account created: 2017-11-12)
⛔ 2025-05-09 00:02:11 - livesuieng skipped: command not found for !Sr (account created: 2017-11-12)
⛔ 2025-05-09 00:28:19 - livesuieng skipped: command not found for !ty (account created: 2017-11-12)
⛔ 2025-05-09 00:30:11 - livesuieng skipped: command not found for !Sr (account created: 2017-11-12)
⛔ 2025-05-09 00:34:26 - nate048 skipped: command not found for !sr (account created: 2015-11-05)
⛔ 2025-05-09 00:36:29 - nate048 skipped: command not found for !weiner (account created: 2015-11-05)
⛔ 2025-05-09 00:37:24 - patchedwards skipped: command not found for !Nein (account created: 2022-06-09)
⛔ 2025-05-09 00:37:39 - patchedwards skipped: command not found for !nien (account created: 2022-06-09)
⛔ 2025-05-09 00:40:42 - caerdwyn skipped: invalid characters in command for !.. (account created: 2014-05-05)
⛔ 2025-05-09 00:54:18 - tankahdelphia skipped: command not found for !sr (account created: 2018-03-13)
⛔ 2025-05-09 00:54:39 - livesuieng skipped: command not found for !Sr (account created: 2017-11-12)
⛔ 2025-05-09 00:55:03 - tankahdelphia skipped: command not found for !sr (account created: 2018-03-13)
⛔ 2025-05-09 00:58:34 - tankahdelphia skipped: command not found for !sr (account created: 2018-03-13)
⛔ 2025-05-09 01:08:50 - tankahdelphia skipped: command not found for !bert (account created: 2018-03-13)
